<?xml version="1.0" encoding="UTF-8"?>
<!-- Generated by org.testng.reporters.JUnitReportReporter -->
<testsuite skipped="0" hostname="Avanis-MacBook-Pro.local" name="com.acti.testcase.TestLoginPage" tests="3" failures="0" timestamp="28 Aug 2020 19:47:18 GMT" time="91.013" errors="0">
  <testcase name="verifyLoginPageTitle" time="6.847" classname="com.acti.testcase.TestLoginPage"/>
  <testcase name="validateLoginFunctionality" time="74.046" classname="com.acti.testcase.TestLoginPage"/>
  <testcase name="veriyActiLogo" time="10.120" classname="com.acti.testcase.TestLoginPage"/>
</testsuite> <!-- com.acti.testcase.TestLoginPage -->
